<?xml version="1.0" encoding="UTF-8"?>
<!-- Generated by org.testng.reporters.JUnitXMLReporter -->
<testsuite ignored="0" hostname="SYS348" failures="1" tests="1" name="CartVerification-chrome" time="33.606" errors="0" timestamp="06 Jan 2020 07:35:36 GMT">
  <testcase classname="test.AmzCartVerification" name="verifyCartItems" time="23.634">
    <failure type="java.lang.AssertionError" message="expected [315.00] but found [365.00]">
      <![CDATA[java.lang.AssertionError: expected [315.00] but found [365.00]
at test.AmzCartVerification.verifyCartItems(AmzCartVerification.java:101)
... Removed 31 stack frames]]>
    </failure>
  </testcase> <!-- verifyCartItems -->
</testsuite> <!-- CartVerification-chrome -->
