<?xml version="1.0" encoding="UTF-8"?>
<!-- Generated by org.testng.reporters.JUnitXMLReporter -->
<<<<<<< HEAD
<<<<<<< HEAD
<testsuite ignored="0" hostname="SYS348" failures="1" tests="2" name="CartVerification" time="227.281" errors="0" timestamp="03 Jan 2020 15:44:56 GMT">
  <testcase classname="test.AmzCartVerification" name="verifyCartItems" time="112.745"/>
  <testcase classname="test.AmzCartVerification" name="verifyCartItems" time="94.647">
    <failure type="org.openqa.selenium.WebDriverException" message="chrome not reachable
  (Session info: chrome=79.0.3945.88)
Build info: version: &amp;apos;3.141.59&amp;apos;, revision: &amp;apos;e82be7d358&amp;apos;, time: &amp;apos;2018-11-14T08:17:03&amp;apos;
System info: host: &amp;apos;SYS348&amp;apos;, ip: &amp;apos;192.168.1.25&amp;apos;, os.name: &amp;apos;Windows 10&amp;apos;, os.arch: &amp;apos;amd64&amp;apos;, os.version: &amp;apos;10.0&amp;apos;, java.version: &amp;apos;11.0.1&amp;apos;
Driver info: org.openqa.selenium.chrome.ChromeDriver
Capabilities {acceptInsecureCerts: false, browserName: chrome, browserVersion: 79.0.3945.88, chrome: {chromedriverVersion: 79.0.3945.36 (3582db32b3389..., userDataDir: C:\Users\POORNA~1.KAM\AppDa...}, goog:chromeOptions: {debuggerAddress: localhost:50132}, javascriptEnabled: true, networkConnectionEnabled: false, pageLoadStrategy: normal, platform: WINDOWS, platformName: WINDOWS, proxy: Proxy(), setWindowRect: true, strictFileInteractability: false, timeouts: {implicit: 0, pageLoad: 300000, script: 30000}, unhandledPromptBehavior: dismiss and notify}
Session ID: c04d592b60c4a540aebc97879a690bb2">
      <![CDATA[org.openqa.selenium.WebDriverException: chrome not reachable
  (Session info: chrome=79.0.3945.88)
Build info: version: '3.141.59', revision: 'e82be7d358', time: '2018-11-14T08:17:03'
System info: host: 'SYS348', ip: '192.168.1.25', os.name: 'Windows 10', os.arch: 'amd64', os.version: '10.0', java.version: '11.0.1'
Driver info: org.openqa.selenium.chrome.ChromeDriver
Capabilities {acceptInsecureCerts: false, browserName: chrome, browserVersion: 79.0.3945.88, chrome: {chromedriverVersion: 79.0.3945.36 (3582db32b3389..., userDataDir: C:\Users\POORNA~1.KAM\AppDa...}, goog:chromeOptions: {debuggerAddress: localhost:50132}, javascriptEnabled: true, networkConnectionEnabled: false, pageLoadStrategy: normal, platform: WINDOWS, platformName: WINDOWS, proxy: Proxy(), setWindowRect: true, strictFileInteractability: false, timeouts: {implicit: 0, pageLoad: 300000, script: 30000}, unhandledPromptBehavior: dismiss and notify}
Session ID: c04d592b60c4a540aebc97879a690bb2
at org.openqa.selenium.remote.http.W3CHttpResponseCodec.createException(W3CHttpResponseCodec.java:187)
at org.openqa.selenium.remote.http.W3CHttpResponseCodec.decode(W3CHttpResponseCodec.java:122)
at org.openqa.selenium.remote.http.W3CHttpResponseCodec.decode(W3CHttpResponseCodec.java:49)
at org.openqa.selenium.remote.HttpCommandExecutor.execute(HttpCommandExecutor.java:158)
at org.openqa.selenium.remote.service.DriverCommandExecutor.execute(DriverCommandExecutor.java:83)
at org.openqa.selenium.remote.RemoteWebDriver.execute(RemoteWebDriver.java:552)
at org.openqa.selenium.remote.RemoteWebDriver$RemoteTargetLocator.window(RemoteWebDriver.java:903)
at utilities.WinHandler.mainWindow(WinHandler.java:45)
at test.AmzCartVerification.verifyCartItems(AmzCartVerification.java:76)
... Removed 29 stack frames]]>
    </failure>
  </testcase> <!-- verifyCartItems -->
=======
<testsuite ignored="0" hostname="LAPTOP-ATM4KV28" failures="0" tests="1" name="CartVerification" time="56.888" errors="0" timestamp="04 Jan 2020 12:30:09 GMT">
  <testcase classname="test.AmzCartVerification" name="verifyCartItems" time="43.429"/>
>>>>>>> 9ad4f62d07347c93efee2d421a8537a76ee5b690
=======
<testsuite ignored="0" hostname="SYS348" failures="0" tests="2" name="CartVerification" time="104.312" errors="0" timestamp="06 Jan 2020 09:11:06 GMT">
  <testcase classname="test.AmzCartVerification" name="verifyCartItems" time="33.325"/>
  <testcase classname="test.AmzCartVerification" name="verifyCartItems" time="43.745"/>
>>>>>>> secondary
</testsuite> <!-- CartVerification -->
