<?xml version="1.0" encoding="UTF-8"?>
<!-- Generated by org.testng.reporters.JUnitXMLReporter -->
<testsuite ignored="0" hostname="SYS348" failures="1" tests="1" name="CartVerification(failed)" time="40.415" errors="0" timestamp="03 Jan 2020 14:59:59 GMT">
  <testcase classname="test.AmzCartVerification" name="verifyCartItems" time="24.439">
    <failure type="java.lang.AssertionError" message="expected [315.0] but found [365.0]">
      <![CDATA[java.lang.AssertionError: expected [315.0] but found [365.0]
at test.AmzCartVerification.verifyCartItems(AmzCartVerification.java:82)
... Removed 30 stack frames]]>
    </failure>
  </testcase> <!-- verifyCartItems -->
</testsuite> <!-- CartVerification(failed) -->
